<?xml version="1.0" encoding="UTF-8"?>
<testsuite xmlns:xsi="http://www.w3.org/2001/XMLSchema-instance" xsi:noNamespaceSchemaLocation="https://maven.apache.org/surefire/maven-surefire-plugin/xsd/surefire-test-report-3.0.xsd" version="3.0" name="com.backend.restservice.SessionControllerTests" time="6.138" tests="11" errors="0" skipped="0" failures="0">
  <properties>
[...]
</properties>
  <testcase name="whenGetSessionById_thenReturnActiveSession" classname="com.backend.restservice.SessionControllerTests" time="0.154">
    <system-out><![CDATA[15:50:20.184 [main] INFO org.springframework.test.context.support.AnnotationConfigContextLoaderUtils -- Could not detect default configuration classes for test class [com.backend.restservice.SessionControllerTests]: SessionControllerTests does not declare any static, non-private, non-final, nested classes annotated with @Configuration.
15:50:20.271 [main] INFO org.springframework.boot.test.context.SpringBootTestContextBootstrapper -- Found @SpringBootConfiguration com.backend.restservice.RestServiceApplication for test class com.backend.restservice.SessionControllerTests

  .   ____          _            __ _ _
 /\\ / ___'_ __ _ _(_)_ __  __ _ \ \ \ \
( ( )\___ | '_ | '_| | '_ \/ _` | \ \ \ \
 \\/  ___)| |_)| | | | | || (_| |  ) ) ) )
  '  |____| .__|_| |_|_| |_\__, | / / / /
 =========|_|==============|___/=/_/_/_/
 :: Spring Boot ::                (v3.2.0)

2023-12-29T15:50:20.581+08:00  INFO 99168 --- [           main] c.b.restservice.SessionControllerTests   : Starting SessionControllerTests using Java 21.0.1 with PID 99168 (started by thomastan in /Users/thomastan/Documents/CDS/eat-what)
2023-12-29T15:50:20.582+08:00  INFO 99168 --- [           main] c.b.restservice.SessionControllerTests   : No active profile set, falling back to 1 default profile: "default"
2023-12-29T15:50:21.298+08:00  INFO 99168 --- [           main] .s.d.r.c.RepositoryConfigurationDelegate : Bootstrapping Spring Data JPA repositories in DEFAULT mode.
2023-12-29T15:50:21.347+08:00  INFO 99168 --- [           main] .s.d.r.c.RepositoryConfigurationDelegate : Finished Spring Data repository scanning in 43 ms. Found 3 JPA repository interfaces.
2023-12-29T15:50:22.865+08:00  INFO 99168 --- [           main] com.zaxxer.hikari.HikariDataSource       : HikariPool-1 - Starting...
2023-12-29T15:50:23.043+08:00  INFO 99168 --- [           main] com.zaxxer.hikari.pool.HikariPool        : HikariPool-1 - Added connection conn0: url=jdbc:h2:mem:RestaurantDB user=SA
2023-12-29T15:50:23.045+08:00  INFO 99168 --- [           main] com.zaxxer.hikari.HikariDataSource       : HikariPool-1 - Start completed.
2023-12-29T15:50:23.103+08:00  INFO 99168 --- [           main] o.hibernate.jpa.internal.util.LogHelper  : HHH000204: Processing PersistenceUnitInfo [name: default]
2023-12-29T15:50:23.163+08:00  INFO 99168 --- [           main] org.hibernate.Version                    : HHH000412: Hibernate ORM core version 6.3.1.Final
2023-12-29T15:50:23.196+08:00  INFO 99168 --- [           main] o.h.c.internal.RegionFactoryInitiator    : HHH000026: Second-level cache disabled
2023-12-29T15:50:23.292+08:00  INFO 99168 --- [           main] o.s.o.j.p.SpringPersistenceUnitInfo      : No LoadTimeWeaver setup: ignoring JPA class transformer
2023-12-29T15:50:23.355+08:00  WARN 99168 --- [           main] org.hibernate.orm.deprecation            : HHH90000025: H2Dialect does not need to be specified explicitly using 'hibernate.dialect' (remove the property setting and it will be selected by default)
2023-12-29T15:50:24.107+08:00  INFO 99168 --- [           main] o.h.e.t.j.p.i.JtaPlatformInitiator       : HHH000489: No JTA platform available (set 'hibernate.transaction.jta.platform' to enable JTA platform integration)
2023-12-29T15:50:24.118+08:00 DEBUG 99168 --- [           main] org.hibernate.SQL                        : drop table if exists participant cascade 
2023-12-29T15:50:24.121+08:00 DEBUG 99168 --- [           main] org.hibernate.SQL                        : drop table if exists restaurant cascade 
2023-12-29T15:50:24.122+08:00 DEBUG 99168 --- [           main] org.hibernate.SQL                        : drop table if exists session cascade 
2023-12-29T15:50:24.125+08:00 DEBUG 99168 --- [           main] org.hibernate.SQL                        : create table participant (id bigint generated by default as identity, session_id bigint, username varchar(255), primary key (id))
2023-12-29T15:50:24.131+08:00 DEBUG 99168 --- [           main] org.hibernate.SQL                        : create table restaurant (id bigint generated by default as identity, session_id bigint, name varchar(255), primary key (id))
2023-12-29T15:50:24.133+08:00 DEBUG 99168 --- [           main] org.hibernate.SQL                        : create table session (is_active boolean not null, id bigint generated by default as identity, restaurant_id bigint unique, creator varchar(255), name varchar(255), primary key (id))
2023-12-29T15:50:24.136+08:00 DEBUG 99168 --- [           main] org.hibernate.SQL                        : alter table if exists participant add constraint FKk64y6nku6219a83og01hv77dc foreign key (session_id) references session
2023-12-29T15:50:24.145+08:00 DEBUG 99168 --- [           main] org.hibernate.SQL                        : alter table if exists restaurant add constraint FKkr5spsrdvqa50sa69lhd7kmaq foreign key (session_id) references session
2023-12-29T15:50:24.147+08:00 DEBUG 99168 --- [           main] org.hibernate.SQL                        : alter table if exists session add constraint FKo52vaqoo9cywdct9941eaa8il foreign key (restaurant_id) references restaurant
2023-12-29T15:50:24.151+08:00  INFO 99168 --- [           main] j.LocalContainerEntityManagerFactoryBean : Initialized JPA EntityManagerFactory for persistence unit 'default'
2023-12-29T15:50:24.334+08:00  WARN 99168 --- [           main] JpaBaseConfiguration$JpaWebConfiguration : spring.jpa.open-in-view is enabled by default. Therefore, database queries may be performed during view rendering. Explicitly configure spring.jpa.open-in-view to disable this warning
2023-12-29T15:50:25.063+08:00  INFO 99168 --- [           main] o.s.s.web.DefaultSecurityFilterChain     : Will secure any request with [org.springframework.security.web.session.DisableEncodeUrlFilter@32a29361, org.springframework.security.web.context.request.async.WebAsyncManagerIntegrationFilter@7d6ccad7, org.springframework.security.web.context.SecurityContextHolderFilter@6391d34f, org.springframework.security.web.header.HeaderWriterFilter@741687d4, org.springframework.web.filter.CorsFilter@4d9ad37e, org.springframework.security.web.authentication.logout.LogoutFilter@5ac8916d, org.springframework.security.web.authentication.UsernamePasswordAuthenticationFilter@515555b, org.springframework.security.web.authentication.ui.DefaultLoginPageGeneratingFilter@240fa4ad, org.springframework.security.web.authentication.ui.DefaultLogoutPageGeneratingFilter@481b8d53, org.springframework.security.web.authentication.www.BasicAuthenticationFilter@13446044, org.springframework.security.web.savedrequest.RequestCacheAwareFilter@53c0424a, org.springframework.security.web.servletapi.SecurityContextHolderAwareRequestFilter@2d6cbbdb, org.springframework.security.web.authentication.AnonymousAuthenticationFilter@6e8426aa, org.springframework.security.web.access.ExceptionTranslationFilter@193710c3, org.springframework.security.web.access.intercept.AuthorizationFilter@5efa05f9]
2023-12-29T15:50:25.353+08:00 DEBUG 99168 --- [           main] org.hibernate.SQL                        : insert into session (creator,is_active,name,restaurant_id,id) values (?,?,?,?,default)
2023-12-29T15:50:25.375+08:00 DEBUG 99168 --- [           main] org.hibernate.SQL                        : insert into participant (username,id) values (?,default)
2023-12-29T15:50:25.376+08:00 DEBUG 99168 --- [           main] org.hibernate.SQL                        : insert into participant (username,id) values (?,default)
2023-12-29T15:50:25.376+08:00 DEBUG 99168 --- [           main] org.hibernate.SQL                        : insert into participant (username,id) values (?,default)
2023-12-29T15:50:25.379+08:00 DEBUG 99168 --- [           main] org.hibernate.SQL                        : insert into restaurant (name,id) values (?,default)
2023-12-29T15:50:25.380+08:00 DEBUG 99168 --- [           main] org.hibernate.SQL                        : insert into restaurant (name,id) values (?,default)
2023-12-29T15:50:25.381+08:00 DEBUG 99168 --- [           main] org.hibernate.SQL                        : insert into restaurant (name,id) values (?,default)
2023-12-29T15:50:25.382+08:00 DEBUG 99168 --- [           main] org.hibernate.SQL                        : insert into restaurant (name,id) values (?,default)
2023-12-29T15:50:25.391+08:00 DEBUG 99168 --- [           main] org.hibernate.SQL                        : update participant set session_id=? where id=?
2023-12-29T15:50:25.393+08:00 DEBUG 99168 --- [           main] org.hibernate.SQL                        : update participant set session_id=? where id=?
2023-12-29T15:50:25.393+08:00 DEBUG 99168 --- [           main] org.hibernate.SQL                        : update participant set session_id=? where id=?
2023-12-29T15:50:25.394+08:00 DEBUG 99168 --- [           main] org.hibernate.SQL                        : update restaurant set session_id=? where id=?
2023-12-29T15:50:25.395+08:00 DEBUG 99168 --- [           main] org.hibernate.SQL                        : update restaurant set session_id=? where id=?
2023-12-29T15:50:25.397+08:00 DEBUG 99168 --- [           main] org.hibernate.SQL                        : update restaurant set session_id=? where id=?
2023-12-29T15:50:25.397+08:00 DEBUG 99168 --- [           main] org.hibernate.SQL                        : update restaurant set session_id=? where id=?
2023-12-29T15:50:25.709+08:00  INFO 99168 --- [           main] o.s.b.a.h2.H2ConsoleAutoConfiguration    : H2 console available at '/h2-console'. Database available at 'jdbc:h2:mem:RestaurantDB'
2023-12-29T15:50:25.791+08:00  INFO 99168 --- [           main] o.s.b.t.m.w.SpringBootMockServletContext : Initializing Spring TestDispatcherServlet ''
2023-12-29T15:50:25.791+08:00  INFO 99168 --- [           main] o.s.t.web.servlet.TestDispatcherServlet  : Initializing Servlet ''
2023-12-29T15:50:25.792+08:00  INFO 99168 --- [           main] o.s.t.web.servlet.TestDispatcherServlet  : Completed initialization in 1 ms
2023-12-29T15:50:25.813+08:00  INFO 99168 --- [           main] c.b.restservice.SessionControllerTests   : Started SessionControllerTests in 5.434 seconds (process running for 6.347)
2023-12-29T15:50:25.865+08:00  WARN 99168 --- [           main] o.s.w.s.h.HandlerMappingIntrospector     : Cache miss for REQUEST dispatch to '/api/sessions/1' (previous null). Performing CorsConfiguration lookup. This is logged once only at WARN level, and every time at TRACE.
]]></system-out>
    <system-err><![CDATA[WARNING: A Java agent has been loaded dynamically (/Users/thomastan/.m2/repository/net/bytebuddy/byte-buddy-agent/1.14.10/byte-buddy-agent-1.14.10.jar)
WARNING: If a serviceability tool is in use, please run with -XX:+EnableDynamicAgentLoading to hide this warning
WARNING: If a serviceability tool is not in use, please run with -Djdk.instrument.traceUsage for more information
WARNING: Dynamic loading of agents will be disallowed by default in a future release
]]></system-err>
  </testcase>
  <testcase name="whenAddRestaurantToSession_thenRestaurantAdded" classname="com.backend.restservice.SessionControllerTests" time="0.069"/>
  <testcase name="whenEndSession_thenReturnSuccessMessage" classname="com.backend.restservice.SessionControllerTests" time="0.007"/>
  <testcase name="whenGetSessionByIdByNonParticipant_thenReturnError" classname="com.backend.restservice.SessionControllerTests" time="0.007"/>
  <testcase name="whenGetSessionByInvalidId_thenNotFound" classname="com.backend.restservice.SessionControllerTests" time="0.019"/>
  <testcase name="whenJoinSessionAsExistingParticipant_thenError" classname="com.backend.restservice.SessionControllerTests" time="0.019"/>
  <testcase name="whenJoinSession_thenParticipantAdded" classname="com.backend.restservice.SessionControllerTests" time="0.007"/>
  <testcase name="whenPostSession_thenCreateSession" classname="com.backend.restservice.SessionControllerTests" time="0.016"/>
  <testcase name="whenGetSessionById_thenReturnInactiveSession" classname="com.backend.restservice.SessionControllerTests" time="0.006"/>
  <testcase name="whenPostSession_withInvalidData_thenError" classname="com.backend.restservice.SessionControllerTests" time="0.009">
    <system-out><![CDATA[
MockHttpServletRequest:
      HTTP Method = POST
      Request URI = /api/sessions
       Parameters = {}
          Headers = [Content-Type:"application/json;charset=UTF-8"]
             Body = null
    Session Attrs = {SPRING_SECURITY_CONTEXT=SecurityContextImpl [Authentication=UsernamePasswordAuthenticationToken [Principal=org.springframework.security.core.userdetails.User [Username=john, Password=[PROTECTED], Enabled=true, AccountNonExpired=true, CredentialsNonExpired=true, AccountNonLocked=true, Granted Authorities=[ROLE_USER]], Credentials=[PROTECTED], Authenticated=true, Details=null, Granted Authorities=[ROLE_USER]]]}

Handler:
             Type = com.backend.restservice.controller.SessionController
           Method = com.backend.restservice.controller.SessionController#createSession(SessionDto, HttpServletRequest)

Async:
    Async started = false
     Async result = null

Resolved Exception:
             Type = org.springframework.http.converter.HttpMessageNotReadableException

ModelAndView:
        View name = null
             View = null
            Model = null

FlashMap:
       Attributes = null

MockHttpServletResponse:
           Status = 400
    Error message = null
          Headers = [Vary:"Origin", "Access-Control-Request-Method", "Access-Control-Request-Headers", Content-Type:"application/json", X-Content-Type-Options:"nosniff", X-XSS-Protection:"0", Cache-Control:"no-cache, no-store, max-age=0, must-revalidate", Pragma:"no-cache", Expires:"0"]
     Content type = application/json
             Body = {"error":"invalid request body"}
    Forwarded URL = null
   Redirected URL = null
          Cookies = []
]]></system-out>
  </testcase>
  <testcase name="whenEndSessionUnauthorised_thenError" classname="com.backend.restservice.SessionControllerTests" time="0.006"/>
</testsuite>